2026-05-18 16:20:47 +00:00: [2026-05-18 16:20:47] [INFO] Starting Trading Bot...
2026-05-18 16:20:47 +00:00: [2026-05-18 16:20:47] [INFO] Configuration loaded
2026-05-18 16:20:47 +00:00: [2026-05-18 16:20:47] [INFO] Connecting to cTrader {"host":"demo.ctraderapi.com","port":5035,"accountId":"your_account_id_here"}
2026-05-18 16:20:47 +00:00: [2026-05-18 16:20:47] [INFO] cTrader socket opened
2026-05-18 16:20:47 +00:00: [2026-05-18 16:20:47] [INFO] Sending ProtoOAApplicationAuthReq
2026-05-18 16:20:57 +00:00: [2026-05-18 16:20:57] [ERROR] Application auth failed {}
2026-05-18 16:20:57 +00:00: [2026-05-18 16:20:57] [ERROR] Failed to connect to cTrader {}
2026-05-18 16:20:57 +00:00: [2026-05-18 16:20:57] [INFO] Scheduling reconnect in 1000ms {"attempt":1}
2026-05-18 16:20:58 +00:00: [2026-05-18 16:20:58] [INFO] Connecting to cTrader {"host":"demo.ctraderapi.com","port":5035,"accountId":"your_account_id_here"}
2026-05-18 16:20:58 +00:00: [2026-05-18 16:20:58] [INFO] cTrader socket opened
2026-05-18 16:20:58 +00:00: [2026-05-18 16:20:58] [INFO] Sending ProtoOAApplicationAuthReq
2026-05-18 16:20:58 +00:00: [2026-05-18 16:20:58] [ERROR] Application auth failed {}
2026-05-18 16:20:58 +00:00: [2026-05-18 16:20:58] [ERROR] Failed to connect to cTrader {}
2026-05-18 16:20:58 +00:00: [2026-05-18 16:20:58] [INFO] Scheduling reconnect in 2000ms {"attempt":2}
2026-05-18 16:21:00 +00:00: [2026-05-18 16:21:00] [INFO] Connecting to cTrader {"host":"demo.ctraderapi.com","port":5035,"accountId":"your_account_id_here"}
2026-05-18 16:21:00 +00:00: [2026-05-18 16:21:00] [INFO] cTrader socket opened
2026-05-18 16:21:00 +00:00: [2026-05-18 16:21:00] [INFO] Sending ProtoOAApplicationAuthReq
2026-05-18 16:21:00 +00:00: [2026-05-18 16:21:00] [ERROR] Application auth failed {}
2026-05-18 16:21:00 +00:00: [2026-05-18 16:21:00] [ERROR] Failed to connect to cTrader {}
2026-05-18 16:21:00 +00:00: [2026-05-18 16:21:00] [INFO] Scheduling reconnect in 4000ms {"attempt":3}
2026-05-18 16:21:04 +00:00: [2026-05-18 16:21:04] [INFO] Connecting to cTrader {"host":"demo.ctraderapi.com","port":5035,"accountId":"your_account_id_here"}
2026-05-18 16:21:04 +00:00: [2026-05-18 16:21:04] [INFO] cTrader socket opened
2026-05-18 16:21:04 +00:00: [2026-05-18 16:21:04] [INFO] Sending ProtoOAApplicationAuthReq
2026-05-18 16:21:04 +00:00: [2026-05-18 16:21:04] [ERROR] Application auth failed {}
2026-05-18 16:21:04 +00:00: [2026-05-18 16:21:04] [ERROR] Failed to connect to cTrader {}
2026-05-18 16:21:04 +00:00: [2026-05-18 16:21:04] [INFO] Scheduling reconnect in 8000ms {"attempt":4}
2026-05-18 16:21:12 +00:00: [2026-05-18 16:21:12] [INFO] Connecting to cTrader {"host":"demo.ctraderapi.com","port":5035,"accountId":"your_account_id_here"}
2026-05-18 16:21:12 +00:00: [2026-05-18 16:21:12] [INFO] cTrader socket opened
2026-05-18 16:21:12 +00:00: [2026-05-18 16:21:12] [INFO] Sending ProtoOAApplicationAuthReq
2026-05-18 16:21:12 +00:00: [2026-05-18 16:21:12] [ERROR] Application auth failed {}
2026-05-18 16:21:12 +00:00: [2026-05-18 16:21:12] [ERROR] Failed to connect to cTrader {}
2026-05-18 16:21:12 +00:00: [2026-05-18 16:21:12] [INFO] Scheduling reconnect in 16000ms {"attempt":5}
2026-05-18 16:21:28 +00:00: [2026-05-18 16:21:28] [INFO] Connecting to cTrader {"host":"demo.ctraderapi.com","port":5035,"accountId":"your_account_id_here"}
2026-05-18 16:21:29 +00:00: [2026-05-18 16:21:29] [INFO] cTrader socket opened
2026-05-18 16:21:29 +00:00: [2026-05-18 16:21:29] [INFO] Sending ProtoOAApplicationAuthReq
2026-05-18 16:21:29 +00:00: [2026-05-18 16:21:29] [ERROR] Application auth failed {}
2026-05-18 16:21:29 +00:00: [2026-05-18 16:21:29] [ERROR] Failed to connect to cTrader {}
2026-05-18 16:21:29 +00:00: [2026-05-18 16:21:29] [INFO] Scheduling reconnect in 32000ms {"attempt":6}
2026-05-18 16:22:01 +00:00: [2026-05-18 16:22:01] [INFO] Connecting to cTrader {"host":"demo.ctraderapi.com","port":5035,"accountId":"your_account_id_here"}
2026-05-18 16:22:01 +00:00: [2026-05-18 16:22:01] [INFO] cTrader socket opened
2026-05-18 16:22:01 +00:00: [2026-05-18 16:22:01] [INFO] Sending ProtoOAApplicationAuthReq
2026-05-18 16:22:01 +00:00: [2026-05-18 16:22:01] [ERROR] Application auth failed {}
2026-05-18 16:22:01 +00:00: [2026-05-18 16:22:01] [ERROR] Failed to connect to cTrader {}
2026-05-18 16:22:01 +00:00: [2026-05-18 16:22:01] [ERROR] Max reconnection attempts reached {"attempts":6}
2026-05-18 16:22:02 +00:00: [2026-05-18 16:22:02] [INFO] Starting Trading Bot...
2026-05-18 16:22:02 +00:00: [2026-05-18 16:22:02] [INFO] Configuration loaded
2026-05-18 16:22:02 +00:00: [2026-05-18 16:22:02] [INFO] Connecting to cTrader {"host":"demo.ctraderapi.com","port":5035,"accountId":"your_account_id_here"}
2026-05-18 16:22:02 +00:00: [2026-05-18 16:22:02] [INFO] cTrader socket opened
2026-05-18 16:22:02 +00:00: [2026-05-18 16:22:02] [INFO] Sending ProtoOAApplicationAuthReq
2026-05-18 16:22:02 +00:00: [2026-05-18 16:22:02] [ERROR] Application auth failed {}
2026-05-18 16:22:02 +00:00: [2026-05-18 16:22:02] [ERROR] Failed to connect to cTrader {}
2026-05-18 16:22:02 +00:00: [2026-05-18 16:22:02] [INFO] Scheduling reconnect in 1000ms {"attempt":1}
2026-05-18 16:22:03 +00:00: [2026-05-18 16:22:03] [INFO] Connecting to cTrader {"host":"demo.ctraderapi.com","port":5035,"accountId":"your_account_id_here"}
2026-05-18 16:22:03 +00:00: [2026-05-18 16:22:03] [INFO] cTrader socket opened
2026-05-18 16:22:03 +00:00: [2026-05-18 16:22:03] [INFO] Sending ProtoOAApplicationAuthReq
2026-05-18 16:22:03 +00:00: [2026-05-18 16:22:03] [ERROR] Application auth failed {}
2026-05-18 16:22:03 +00:00: [2026-05-18 16:22:03] [ERROR] Failed to connect to cTrader {}
2026-05-18 16:22:03 +00:00: [2026-05-18 16:22:03] [INFO] Scheduling reconnect in 2000ms {"attempt":2}
2026-05-18 16:22:05 +00:00: [2026-05-18 16:22:05] [INFO] Connecting to cTrader {"host":"demo.ctraderapi.com","port":5035,"accountId":"your_account_id_here"}
2026-05-18 16:22:05 +00:00: [2026-05-18 16:22:05] [INFO] cTrader socket opened
2026-05-18 16:22:05 +00:00: [2026-05-18 16:22:05] [INFO] Sending ProtoOAApplicationAuthReq
2026-05-18 16:22:05 +00:00: [2026-05-18 16:22:05] [ERROR] Application auth failed {}
2026-05-18 16:22:05 +00:00: [2026-05-18 16:22:05] [ERROR] Failed to connect to cTrader {}
2026-05-18 16:22:05 +00:00: [2026-05-18 16:22:05] [INFO] Scheduling reconnect in 4000ms {"attempt":3}
2026-05-18 16:22:09 +00:00: [2026-05-18 16:22:09] [INFO] Connecting to cTrader {"host":"demo.ctraderapi.com","port":5035,"accountId":"your_account_id_here"}
2026-05-18 16:22:09 +00:00: [2026-05-18 16:22:09] [INFO] cTrader socket opened
2026-05-18 16:22:09 +00:00: [2026-05-18 16:22:09] [INFO] Sending ProtoOAApplicationAuthReq
2026-05-18 16:22:09 +00:00: [2026-05-18 16:22:09] [ERROR] Application auth failed {}
2026-05-18 16:22:09 +00:00: [2026-05-18 16:22:09] [ERROR] Failed to connect to cTrader {}
2026-05-18 16:22:09 +00:00: [2026-05-18 16:22:09] [INFO] Scheduling reconnect in 8000ms {"attempt":4}
2026-05-18 16:22:17 +00:00: [2026-05-18 16:22:17] [INFO] Connecting to cTrader {"host":"demo.ctraderapi.com","port":5035,"accountId":"your_account_id_here"}
2026-05-18 16:22:18 +00:00: [2026-05-18 16:22:18] [INFO] cTrader socket opened
2026-05-18 16:22:18 +00:00: [2026-05-18 16:22:18] [INFO] Sending ProtoOAApplicationAuthReq
2026-05-18 16:22:18 +00:00: [2026-05-18 16:22:18] [ERROR] Application auth failed {}
2026-05-18 16:22:18 +00:00: [2026-05-18 16:22:18] [ERROR] Failed to connect to cTrader {}
2026-05-18 16:22:18 +00:00: [2026-05-18 16:22:18] [INFO] Scheduling reconnect in 16000ms {"attempt":5}
2026-05-18 16:22:34 +00:00: [2026-05-18 16:22:34] [INFO] Connecting to cTrader {"host":"demo.ctraderapi.com","port":5035,"accountId":"your_account_id_here"}
2026-05-18 16:22:34 +00:00: [2026-05-18 16:22:34] [INFO] cTrader socket opened
2026-05-18 16:22:34 +00:00: [2026-05-18 16:22:34] [INFO] Sending ProtoOAApplicationAuthReq
2026-05-18 16:22:34 +00:00: [2026-05-18 16:22:34] [ERROR] Application auth failed {}
2026-05-18 16:22:34 +00:00: [2026-05-18 16:22:34] [ERROR] Failed to connect to cTrader {}
2026-05-18 16:22:34 +00:00: [2026-05-18 16:22:34] [INFO] Scheduling reconnect in 32000ms {"attempt":6}
2026-05-18 16:23:06 +00:00: [2026-05-18 16:23:06] [INFO] Connecting to cTrader {"host":"demo.ctraderapi.com","port":5035,"accountId":"your_account_id_here"}
2026-05-18 16:23:06 +00:00: [2026-05-18 16:23:06] [INFO] cTrader socket opened
2026-05-18 16:23:06 +00:00: [2026-05-18 16:23:06] [INFO] Sending ProtoOAApplicationAuthReq
2026-05-18 16:23:06 +00:00: [2026-05-18 16:23:06] [ERROR] Application auth failed {}
2026-05-18 16:23:06 +00:00: [2026-05-18 16:23:06] [ERROR] Failed to connect to cTrader {}
2026-05-18 16:23:06 +00:00: [2026-05-18 16:23:06] [ERROR] Max reconnection attempts reached {"attempts":6}
2026-05-18 16:23:08 +00:00: [2026-05-18 16:23:08] [INFO] Starting Trading Bot...
2026-05-18 16:23:08 +00:00: [2026-05-18 16:23:08] [INFO] Configuration loaded
2026-05-18 16:23:08 +00:00: [2026-05-18 16:23:08] [INFO] Connecting to cTrader {"host":"demo.ctraderapi.com","port":5035,"accountId":"your_account_id_here"}
2026-05-18 16:23:08 +00:00: [2026-05-18 16:23:08] [INFO] cTrader socket opened
2026-05-18 16:23:08 +00:00: [2026-05-18 16:23:08] [INFO] Sending ProtoOAApplicationAuthReq
2026-05-18 16:23:08 +00:00: [2026-05-18 16:23:08] [ERROR] Application auth failed {}
2026-05-18 16:23:08 +00:00: [2026-05-18 16:23:08] [ERROR] Failed to connect to cTrader {}
2026-05-18 16:23:08 +00:00: [2026-05-18 16:23:08] [INFO] Scheduling reconnect in 1000ms {"attempt":1}
2026-05-18 16:23:09 +00:00: [2026-05-18 16:23:09] [INFO] Connecting to cTrader {"host":"demo.ctraderapi.com","port":5035,"accountId":"your_account_id_here"}
2026-05-18 16:23:09 +00:00: [2026-05-18 16:23:09] [INFO] cTrader socket opened
2026-05-18 16:23:09 +00:00: [2026-05-18 16:23:09] [INFO] Sending ProtoOAApplicationAuthReq
2026-05-18 16:23:09 +00:00: [2026-05-18 16:23:09] [ERROR] Application auth failed {}
2026-05-18 16:23:09 +00:00: [2026-05-18 16:23:09] [ERROR] Failed to connect to cTrader {}
2026-05-18 16:23:09 +00:00: [2026-05-18 16:23:09] [INFO] Scheduling reconnect in 2000ms {"attempt":2}
2026-05-18 16:23:11 +00:00: [2026-05-18 16:23:11] [INFO] Connecting to cTrader {"host":"demo.ctraderapi.com","port":5035,"accountId":"your_account_id_here"}
2026-05-18 16:23:11 +00:00: [2026-05-18 16:23:11] [INFO] cTrader socket opened
2026-05-18 16:23:11 +00:00: [2026-05-18 16:23:11] [INFO] Sending ProtoOAApplicationAuthReq
2026-05-18 16:23:11 +00:00: [2026-05-18 16:23:11] [ERROR] Application auth failed {}
2026-05-18 16:23:11 +00:00: [2026-05-18 16:23:11] [ERROR] Failed to connect to cTrader {}
2026-05-18 16:23:11 +00:00: [2026-05-18 16:23:11] [INFO] Scheduling reconnect in 4000ms {"attempt":3}
2026-05-18 16:23:15 +00:00: [2026-05-18 16:23:15] [INFO] Connecting to cTrader {"host":"demo.ctraderapi.com","port":5035,"accountId":"your_account_id_here"}
2026-05-18 16:23:16 +00:00: [2026-05-18 16:23:16] [INFO] cTrader socket opened
2026-05-18 16:23:16 +00:00: [2026-05-18 16:23:16] [INFO] Sending ProtoOAApplicationAuthReq
2026-05-18 16:23:16 +00:00: [2026-05-18 16:23:16] [ERROR] Application auth failed {}
2026-05-18 16:23:16 +00:00: [2026-05-18 16:23:16] [ERROR] Failed to connect to cTrader {}
2026-05-18 16:23:16 +00:00: [2026-05-18 16:23:16] [INFO] Scheduling reconnect in 8000ms {"attempt":4}
2026-05-18 16:23:24 +00:00: [2026-05-18 16:23:24] [INFO] Connecting to cTrader {"host":"demo.ctraderapi.com","port":5035,"accountId":"your_account_id_here"}
2026-05-18 16:23:24 +00:00: [2026-05-18 16:23:24] [INFO] cTrader socket opened
2026-05-18 16:23:24 +00:00: [2026-05-18 16:23:24] [INFO] Sending ProtoOAApplicationAuthReq
2026-05-18 16:23:24 +00:00: [2026-05-18 16:23:24] [ERROR] Application auth failed {}
2026-05-18 16:23:24 +00:00: [2026-05-18 16:23:24] [ERROR] Failed to connect to cTrader {}
2026-05-18 16:23:24 +00:00: [2026-05-18 16:23:24] [INFO] Scheduling reconnect in 16000ms {"attempt":5}
2026-05-18 16:23:40 +00:00: [2026-05-18 16:23:40] [INFO] Connecting to cTrader {"host":"demo.ctraderapi.com","port":5035,"accountId":"your_account_id_here"}
2026-05-18 16:23:40 +00:00: [2026-05-18 16:23:40] [INFO] cTrader socket opened
2026-05-18 16:23:40 +00:00: [2026-05-18 16:23:40] [INFO] Sending ProtoOAApplicationAuthReq
2026-05-18 16:23:40 +00:00: [2026-05-18 16:23:40] [ERROR] Application auth failed {}
2026-05-18 16:23:40 +00:00: [2026-05-18 16:23:40] [ERROR] Failed to connect to cTrader {}
2026-05-18 16:23:40 +00:00: [2026-05-18 16:23:40] [INFO] Scheduling reconnect in 32000ms {"attempt":6}
2026-05-18 16:24:12 +00:00: [2026-05-18 16:24:12] [INFO] Connecting to cTrader {"host":"demo.ctraderapi.com","port":5035,"accountId":"your_account_id_here"}
2026-05-18 16:24:12 +00:00: [2026-05-18 16:24:12] [INFO] cTrader socket opened
2026-05-18 16:24:12 +00:00: [2026-05-18 16:24:12] [INFO] Sending ProtoOAApplicationAuthReq
2026-05-18 16:24:12 +00:00: [2026-05-18 16:24:12] [ERROR] Application auth failed {}
2026-05-18 16:24:12 +00:00: [2026-05-18 16:24:12] [ERROR] Failed to connect to cTrader {}
2026-05-18 16:24:12 +00:00: [2026-05-18 16:24:12] [ERROR] Max reconnection attempts reached {"attempts":6}
2026-05-18 16:24:14 +00:00: [2026-05-18 16:24:14] [INFO] Starting Trading Bot...
2026-05-18 16:24:14 +00:00: [2026-05-18 16:24:14] [INFO] Configuration loaded
2026-05-18 16:24:14 +00:00: [2026-05-18 16:24:14] [INFO] Connecting to cTrader {"host":"demo.ctraderapi.com","port":5035,"accountId":"your_account_id_here"}
2026-05-18 16:24:14 +00:00: [2026-05-18 16:24:14] [INFO] cTrader socket opened
2026-05-18 16:24:14 +00:00: [2026-05-18 16:24:14] [INFO] Sending ProtoOAApplicationAuthReq
2026-05-18 16:24:14 +00:00: [2026-05-18 16:24:14] [ERROR] Application auth failed {}
2026-05-18 16:24:14 +00:00: [2026-05-18 16:24:14] [ERROR] Failed to connect to cTrader {}
2026-05-18 16:24:14 +00:00: [2026-05-18 16:24:14] [INFO] Scheduling reconnect in 1000ms {"attempt":1}
2026-05-18 16:24:15 +00:00: [2026-05-18 16:24:15] [INFO] Connecting to cTrader {"host":"demo.ctraderapi.com","port":5035,"accountId":"your_account_id_here"}
2026-05-18 16:24:15 +00:00: [2026-05-18 16:24:15] [INFO] cTrader socket opened
2026-05-18 16:24:15 +00:00: [2026-05-18 16:24:15] [INFO] Sending ProtoOAApplicationAuthReq
2026-05-18 16:24:16 +00:00: [2026-05-18 16:24:16] [ERROR] Application auth failed {}
2026-05-18 16:24:16 +00:00: [2026-05-18 16:24:16] [ERROR] Failed to connect to cTrader {}
2026-05-18 16:24:16 +00:00: [2026-05-18 16:24:16] [INFO] Scheduling reconnect in 2000ms {"attempt":2}
2026-05-18 16:24:18 +00:00: [2026-05-18 16:24:18] [INFO] Connecting to cTrader {"host":"demo.ctraderapi.com","port":5035,"accountId":"your_account_id_here"}
2026-05-18 16:24:18 +00:00: [2026-05-18 16:24:18] [INFO] cTrader socket opened
2026-05-18 16:24:18 +00:00: [2026-05-18 16:24:18] [INFO] Sending ProtoOAApplicationAuthReq
2026-05-18 16:24:18 +00:00: [2026-05-18 16:24:18] [ERROR] Application auth failed {}
2026-05-18 16:24:18 +00:00: [2026-05-18 16:24:18] [ERROR] Failed to connect to cTrader {}
2026-05-18 16:24:18 +00:00: [2026-05-18 16:24:18] [INFO] Scheduling reconnect in 4000ms {"attempt":3}
2026-05-18 16:24:22 +00:00: [2026-05-18 16:24:22] [INFO] Connecting to cTrader {"host":"demo.ctraderapi.com","port":5035,"accountId":"your_account_id_here"}
2026-05-18 16:24:22 +00:00: [2026-05-18 16:24:22] [INFO] cTrader socket opened
2026-05-18 16:24:22 +00:00: [2026-05-18 16:24:22] [INFO] Sending ProtoOAApplicationAuthReq
2026-05-18 16:24:22 +00:00: [2026-05-18 16:24:22] [ERROR] Application auth failed {}
2026-05-18 16:24:22 +00:00: [2026-05-18 16:24:22] [ERROR] Failed to connect to cTrader {}
2026-05-18 16:24:22 +00:00: [2026-05-18 16:24:22] [INFO] Scheduling reconnect in 8000ms {"attempt":4}
2026-05-18 16:24:30 +00:00: [2026-05-18 16:24:30] [INFO] Connecting to cTrader {"host":"demo.ctraderapi.com","port":5035,"accountId":"your_account_id_here"}
2026-05-18 16:24:30 +00:00: [2026-05-18 16:24:30] [INFO] cTrader socket opened
2026-05-18 16:24:30 +00:00: [2026-05-18 16:24:30] [INFO] Sending ProtoOAApplicationAuthReq
2026-05-18 16:24:30 +00:00: [2026-05-18 16:24:30] [ERROR] Application auth failed {}
2026-05-18 16:24:30 +00:00: [2026-05-18 16:24:30] [ERROR] Failed to connect to cTrader {}
2026-05-18 16:24:30 +00:00: [2026-05-18 16:24:30] [INFO] Scheduling reconnect in 16000ms {"attempt":5}
2026-05-18 16:24:46 +00:00: [2026-05-18 16:24:46] [INFO] Connecting to cTrader {"host":"demo.ctraderapi.com","port":5035,"accountId":"your_account_id_here"}
2026-05-18 16:24:46 +00:00: [2026-05-18 16:24:46] [INFO] cTrader socket opened
2026-05-18 16:24:46 +00:00: [2026-05-18 16:24:46] [INFO] Sending ProtoOAApplicationAuthReq
2026-05-18 16:24:47 +00:00: [2026-05-18 16:24:47] [ERROR] Application auth failed {}
2026-05-18 16:24:47 +00:00: [2026-05-18 16:24:47] [ERROR] Failed to connect to cTrader {}
2026-05-18 16:24:47 +00:00: [2026-05-18 16:24:47] [INFO] Scheduling reconnect in 32000ms {"attempt":6}
2026-05-18 16:25:19 +00:00: [2026-05-18 16:25:19] [INFO] Connecting to cTrader {"host":"demo.ctraderapi.com","port":5035,"accountId":"your_account_id_here"}
2026-05-18 16:25:19 +00:00: [2026-05-18 16:25:19] [INFO] cTrader socket opened
2026-05-18 16:25:19 +00:00: [2026-05-18 16:25:19] [INFO] Sending ProtoOAApplicationAuthReq
2026-05-18 16:25:19 +00:00: [2026-05-18 16:25:19] [ERROR] Application auth failed {}
2026-05-18 16:25:19 +00:00: [2026-05-18 16:25:19] [ERROR] Failed to connect to cTrader {}
2026-05-18 16:25:19 +00:00: [2026-05-18 16:25:19] [ERROR] Max reconnection attempts reached {"attempts":6}
2026-05-18 16:25:20 +00:00: [2026-05-18 16:25:20] [INFO] Starting Trading Bot...
2026-05-18 16:25:20 +00:00: [2026-05-18 16:25:20] [INFO] Configuration loaded
2026-05-18 16:25:20 +00:00: [2026-05-18 16:25:20] [INFO] Connecting to cTrader {"host":"demo.ctraderapi.com","port":5035,"accountId":"your_account_id_here"}
2026-05-18 16:25:20 +00:00: [2026-05-18 16:25:20] [INFO] cTrader socket opened
2026-05-18 16:25:20 +00:00: [2026-05-18 16:25:20] [INFO] Sending ProtoOAApplicationAuthReq
2026-05-18 16:25:21 +00:00: [2026-05-18 16:25:21] [ERROR] Application auth failed {}
2026-05-18 16:25:21 +00:00: [2026-05-18 16:25:21] [ERROR] Failed to connect to cTrader {}
2026-05-18 16:25:21 +00:00: [2026-05-18 16:25:21] [INFO] Scheduling reconnect in 1000ms {"attempt":1}
2026-05-18 16:25:22 +00:00: [2026-05-18 16:25:22] [INFO] Connecting to cTrader {"host":"demo.ctraderapi.com","port":5035,"accountId":"your_account_id_here"}
2026-05-18 16:25:22 +00:00: [2026-05-18 16:25:22] [INFO] cTrader socket opened
2026-05-18 16:25:22 +00:00: [2026-05-18 16:25:22] [INFO] Sending ProtoOAApplicationAuthReq
2026-05-18 16:25:22 +00:00: [2026-05-18 16:25:22] [ERROR] Application auth failed {}
2026-05-18 16:25:22 +00:00: [2026-05-18 16:25:22] [ERROR] Failed to connect to cTrader {}
2026-05-18 16:25:22 +00:00: [2026-05-18 16:25:22] [INFO] Scheduling reconnect in 2000ms {"attempt":2}
2026-05-18 16:25:24 +00:00: [2026-05-18 16:25:24] [INFO] Connecting to cTrader {"host":"demo.ctraderapi.com","port":5035,"accountId":"your_account_id_here"}
2026-05-18 16:25:24 +00:00: [2026-05-18 16:25:24] [INFO] cTrader socket opened
2026-05-18 16:25:24 +00:00: [2026-05-18 16:25:24] [INFO] Sending ProtoOAApplicationAuthReq
2026-05-18 16:25:24 +00:00: [2026-05-18 16:25:24] [ERROR] Application auth failed {}
2026-05-18 16:25:24 +00:00: [2026-05-18 16:25:24] [ERROR] Failed to connect to cTrader {}
2026-05-18 16:25:24 +00:00: [2026-05-18 16:25:24] [INFO] Scheduling reconnect in 4000ms {"attempt":3}
2026-05-18 16:25:28 +00:00: [2026-05-18 16:25:28] [INFO] Connecting to cTrader {"host":"demo.ctraderapi.com","port":5035,"accountId":"your_account_id_here"}
2026-05-18 16:25:28 +00:00: [2026-05-18 16:25:28] [INFO] cTrader socket opened
2026-05-18 16:25:28 +00:00: [2026-05-18 16:25:28] [INFO] Sending ProtoOAApplicationAuthReq
2026-05-18 16:25:28 +00:00: [2026-05-18 16:25:28] [ERROR] Application auth failed {}
2026-05-18 16:25:28 +00:00: [2026-05-18 16:25:28] [ERROR] Failed to connect to cTrader {}
2026-05-18 16:25:28 +00:00: [2026-05-18 16:25:28] [INFO] Scheduling reconnect in 8000ms {"attempt":4}
2026-05-18 16:25:36 +00:00: [2026-05-18 16:25:36] [INFO] Connecting to cTrader {"host":"demo.ctraderapi.com","port":5035,"accountId":"your_account_id_here"}
2026-05-18 16:25:36 +00:00: [2026-05-18 16:25:36] [INFO] cTrader socket opened
2026-05-18 16:25:36 +00:00: [2026-05-18 16:25:36] [INFO] Sending ProtoOAApplicationAuthReq
2026-05-18 16:25:36 +00:00: [2026-05-18 16:25:36] [ERROR] Application auth failed {}
2026-05-18 16:25:36 +00:00: [2026-05-18 16:25:36] [ERROR] Failed to connect to cTrader {}
2026-05-18 16:25:36 +00:00: [2026-05-18 16:25:36] [INFO] Scheduling reconnect in 16000ms {"attempt":5}
2026-05-18 16:25:52 +00:00: [2026-05-18 16:25:52] [INFO] Connecting to cTrader {"host":"demo.ctraderapi.com","port":5035,"accountId":"your_account_id_here"}
2026-05-18 16:25:52 +00:00: [2026-05-18 16:25:52] [INFO] cTrader socket opened
2026-05-18 16:25:52 +00:00: [2026-05-18 16:25:52] [INFO] Sending ProtoOAApplicationAuthReq
2026-05-18 16:25:52 +00:00: [2026-05-18 16:25:52] [ERROR] Application auth failed {}
2026-05-18 16:25:52 +00:00: [2026-05-18 16:25:52] [ERROR] Failed to connect to cTrader {}
2026-05-18 16:25:52 +00:00: [2026-05-18 16:25:52] [INFO] Scheduling reconnect in 32000ms {"attempt":6}
2026-05-18 16:26:24 +00:00: [2026-05-18 16:26:24] [INFO] Connecting to cTrader {"host":"demo.ctraderapi.com","port":5035,"accountId":"your_account_id_here"}
2026-05-18 16:26:25 +00:00: [2026-05-18 16:26:25] [INFO] cTrader socket opened
2026-05-18 16:26:25 +00:00: [2026-05-18 16:26:25] [INFO] Sending ProtoOAApplicationAuthReq
2026-05-18 16:26:25 +00:00: [2026-05-18 16:26:25] [ERROR] Application auth failed {}
2026-05-18 16:26:25 +00:00: [2026-05-18 16:26:25] [ERROR] Failed to connect to cTrader {}
2026-05-18 16:26:25 +00:00: [2026-05-18 16:26:25] [ERROR] Max reconnection attempts reached {"attempts":6}
2026-05-18 16:26:27 +00:00: [2026-05-18 16:26:27] [INFO] Starting Trading Bot...
2026-05-18 16:26:27 +00:00: [2026-05-18 16:26:27] [INFO] Configuration loaded
2026-05-18 16:26:27 +00:00: [2026-05-18 16:26:27] [INFO] Connecting to cTrader {"host":"demo.ctraderapi.com","port":5035,"accountId":"your_account_id_here"}
2026-05-18 16:26:27 +00:00: [2026-05-18 16:26:27] [INFO] cTrader socket opened
2026-05-18 16:26:27 +00:00: [2026-05-18 16:26:27] [INFO] Sending ProtoOAApplicationAuthReq
2026-05-18 16:26:27 +00:00: [2026-05-18 16:26:27] [ERROR] Application auth failed {}
2026-05-18 16:26:27 +00:00: [2026-05-18 16:26:27] [ERROR] Failed to connect to cTrader {}
2026-05-18 16:26:27 +00:00: [2026-05-18 16:26:27] [INFO] Scheduling reconnect in 1000ms {"attempt":1}
2026-05-18 16:26:28 +00:00: [2026-05-18 16:26:28] [INFO] Connecting to cTrader {"host":"demo.ctraderapi.com","port":5035,"accountId":"your_account_id_here"}
2026-05-18 16:26:28 +00:00: [2026-05-18 16:26:28] [INFO] cTrader socket opened
2026-05-18 16:26:28 +00:00: [2026-05-18 16:26:28] [INFO] Sending ProtoOAApplicationAuthReq
2026-05-18 16:26:28 +00:00: [2026-05-18 16:26:28] [ERROR] Application auth failed {}
2026-05-18 16:26:28 +00:00: [2026-05-18 16:26:28] [ERROR] Failed to connect to cTrader {}
2026-05-18 16:26:28 +00:00: [2026-05-18 16:26:28] [INFO] Scheduling reconnect in 2000ms {"attempt":2}
2026-05-18 16:26:29 +00:00: [2026-05-18 16:26:29] [INFO] Received SIGINT - initiating graceful shutdown...
2026-05-18 16:26:29 +00:00: [2026-05-18 16:26:29] [INFO] Disconnecting from cTrader...
2026-05-18 16:26:29 +00:00: [2026-05-18 16:26:29] [INFO] cTrader disconnected
2026-05-18 16:26:29 +00:00: [2026-05-18 16:26:29] [INFO] ✅ Graceful shutdown complete
